<?xml version="1.0" encoding="UTF-8"?>
<!-- Generated by org.testng.reporters.JUnitReportReporter -->
<testsuite hostname="DESKTOP-S8LS5RG" name="com.oneDayCart.testScripts.houseHold" tests="1" failures="0" timestamp="23 Jun 2020 01:28:14 GMT" time="14.813" errors="0">
  <testcase name="household" time="14.813" classname="com.oneDayCart.testScripts.houseHold"/>
</testsuite> <!-- com.oneDayCart.testScripts.houseHold -->
