<?xml version="1.0" encoding="UTF-8"?>
<!-- Generated by org.testng.reporters.JUnitReportReporter -->
<testsuite hostname="DESKTOP-S8LS5RG" name="com.oneDayCart.testScripts.houseCartWishList" tests="1" failures="0" timestamp="23 Jun 2020 02:28:47 GMT" time="22.495" errors="0">
  <testcase name="moveWish" time="22.495" classname="com.oneDayCart.testScripts.houseCartWishList"/>
</testsuite> <!-- com.oneDayCart.testScripts.houseCartWishList -->
